<?xml version="1.0" encoding="UTF-8"?>
<testsuite xmlns:xsi="http://www.w3.org/2001/XMLSchema-instance" xsi:noNamespaceSchemaLocation="https://maven.apache.org/surefire/maven-surefire-plugin/xsd/surefire-test-report.xsd" version="3.0.2" name="com.example.AnimalTest" time="0.164" tests="3" errors="0" skipped="0" failures="0">
  <properties>
[...]
</properties>
  <testcase name="getFoodAnimalIsHerbivore" classname="com.example.AnimalTest" time="0.087"/>
  <testcase name="getFoodAnimalIsPredator" classname="com.example.AnimalTest" time="0.002"/>
  <testcase name="getFoodUnknownAnimalTrowsException" classname="com.example.AnimalTest" time="0.007"/>
</testsuite>